<?xml version="1.0" encoding="UTF-8"?>
<!-- Generated by org.testng.reporters.JUnitReportReporter -->
<testsuite hostname="HariDarshana" failures="0" tests="1" name="webServicesTestCases.TC1_GET_Request" time="3.217" errors="0" timestamp="2022-12-04T21:28:40 CST" skipped="0">
  <testcase classname="webServicesTestCases.TC1_GET_Request" name="getWeatherDetails" time="3.217"/>
  <system-out/>
</testsuite> <!-- webServicesTestCases.TC1_GET_Request -->
