<?xml version="1.0" encoding="UTF-8"?>
<!-- Generated by org.testng.reporters.JUnitReportReporter -->
<testsuite hostname="HariDarshana" failures="0" tests="1" name="webServicesTestCases.TC2_POST_Request" time="3.203" errors="0" timestamp="2022-12-04T21:21:36 CST" skipped="0">
  <testcase classname="webServicesTestCases.TC2_POST_Request" name="getWeatherDetails" time="3.203"/>
  <system-out/>
</testsuite> <!-- webServicesTestCases.TC2_POST_Request -->
